<?xml version="1.0" encoding="UTF-8"?>
<!-- Generated by org.testng.reporters.JUnitReportReporter -->
<testsuite skipped="0" hostname="DESKTOP-Q8RNTEC" name="myFirstTest.LoginPage" tests="1" failures="0" timestamp="17 May 2020 06:30:53 GMT" time="18.327" errors="0">
  <testcase name="TC25" time="18.327" classname="myFirstTest.LoginPage"/>
</testsuite> <!-- myFirstTest.LoginPage -->
